<?xml version="1.0" encoding="UTF-8"?>
<!-- Generated by org.testng.reporters.JUnitReportReporter -->
<testsuite skipped="0" hostname="Phina-HP" name="testCases.NewUser" tests="1" failures="0" timestamp="30 Jun 2018 00:32:40 GMT" time="16.877" errors="0">
  <testcase name="CreateAccount" time="16.877" classname="testCases.NewUser"/>
</testsuite> <!-- testCases.NewUser -->
