<?xml version="1.0" encoding="UTF-8"?>
<!-- Generated by org.testng.reporters.JUnitReportReporter -->
<testsuite skipped="0" hostname="Phina-HP" name="testCases.Login" tests="1" failures="0" timestamp="29 Jun 2018 22:54:28 GMT" time="20.230" errors="0">
  <testcase name="SignIn" time="20.230" classname="testCases.Login"/>
</testsuite> <!-- testCases.Login -->
